[debug] [2025-04-01T13:49:54.870Z] ----------------------------------------------------------------------
[debug] [2025-04-01T13:49:54.872Z] Command:       /opt/homebrew/Cellar/node/23.7.0/bin/node /opt/homebrew/bin/firebase deploy
[debug] [2025-04-01T13:49:54.872Z] CLI Version:   14.0.1
[debug] [2025-04-01T13:49:54.872Z] Platform:      darwin
[debug] [2025-04-01T13:49:54.872Z] Node Version:  v23.7.0
[debug] [2025-04-01T13:49:54.872Z] Time:          Tue Apr 01 2025 16:49:54 GMT+0300 (GMT+03:00)
[debug] [2025-04-01T13:49:54.872Z] ----------------------------------------------------------------------
[debug] 
[debug] [2025-04-01T13:49:54.947Z] > command requires scopes: ["email","openid","https://www.googleapis.com/auth/cloudplatformprojects.readonly","https://www.googleapis.com/auth/firebase","https://www.googleapis.com/auth/cloud-platform"]
[debug] [2025-04-01T13:49:54.947Z] > authorizing via signed-in user (flayzeraynx@gmail.com)
[debug] [2025-04-01T13:49:54.947Z] [iam] checking project budgetella-d1d41 for permissions ["cloudfunctions.functions.create","cloudfunctions.functions.delete","cloudfunctions.functions.get","cloudfunctions.functions.list","cloudfunctions.functions.update","cloudfunctions.operations.get","firebase.projects.get","firebasehosting.sites.update"]
[debug] [2025-04-01T13:49:54.947Z] Checked if tokens are valid: false, expires at: 1743505383679
[debug] [2025-04-01T13:49:54.948Z] Checked if tokens are valid: false, expires at: 1743505383679
[debug] [2025-04-01T13:49:54.948Z] > refreshing access token with scopes: []
[debug] [2025-04-01T13:49:54.948Z] >>> [apiv2][query] POST https://www.googleapis.com/oauth2/v3/token [none]
[debug] [2025-04-01T13:49:54.948Z] >>> [apiv2][body] POST https://www.googleapis.com/oauth2/v3/token [omitted]
[debug] [2025-04-01T13:49:55.158Z] <<< [apiv2][status] POST https://www.googleapis.com/oauth2/v3/token 200
[debug] [2025-04-01T13:49:55.158Z] <<< [apiv2][body] POST https://www.googleapis.com/oauth2/v3/token [omitted]
[debug] [2025-04-01T13:49:55.170Z] >>> [apiv2][query] POST https://cloudresourcemanager.googleapis.com/v1/projects/budgetella-d1d41:testIamPermissions [none]
[debug] [2025-04-01T13:49:55.170Z] >>> [apiv2][(partial)header] POST https://cloudresourcemanager.googleapis.com/v1/projects/budgetella-d1d41:testIamPermissions x-goog-quota-user=projects/budgetella-d1d41
[debug] [2025-04-01T13:49:55.170Z] >>> [apiv2][body] POST https://cloudresourcemanager.googleapis.com/v1/projects/budgetella-d1d41:testIamPermissions {"permissions":["cloudfunctions.functions.create","cloudfunctions.functions.delete","cloudfunctions.functions.get","cloudfunctions.functions.list","cloudfunctions.functions.update","cloudfunctions.operations.get","firebase.projects.get","firebasehosting.sites.update"]}
[debug] [2025-04-01T13:49:56.101Z] <<< [apiv2][status] POST https://cloudresourcemanager.googleapis.com/v1/projects/budgetella-d1d41:testIamPermissions 200
[debug] [2025-04-01T13:49:56.101Z] <<< [apiv2][body] POST https://cloudresourcemanager.googleapis.com/v1/projects/budgetella-d1d41:testIamPermissions {"permissions":["cloudfunctions.functions.create","cloudfunctions.functions.delete","cloudfunctions.functions.get","cloudfunctions.functions.list","cloudfunctions.functions.update","cloudfunctions.operations.get","firebase.projects.get","firebasehosting.sites.update"]}
[debug] [2025-04-01T13:49:56.102Z] Checked if tokens are valid: true, expires at: 1743518994158
[debug] [2025-04-01T13:49:56.102Z] Checked if tokens are valid: true, expires at: 1743518994158
[debug] [2025-04-01T13:49:56.102Z] >>> [apiv2][query] POST https://iam.googleapis.com/v1/projects/budgetella-d1d41/serviceAccounts/budgetella-d1d41@appspot.gserviceaccount.com:testIamPermissions [none]
[debug] [2025-04-01T13:49:56.102Z] >>> [apiv2][body] POST https://iam.googleapis.com/v1/projects/budgetella-d1d41/serviceAccounts/budgetella-d1d41@appspot.gserviceaccount.com:testIamPermissions {"permissions":["iam.serviceAccounts.actAs"]}
[debug] [2025-04-01T13:49:57.105Z] <<< [apiv2][status] POST https://iam.googleapis.com/v1/projects/budgetella-d1d41/serviceAccounts/budgetella-d1d41@appspot.gserviceaccount.com:testIamPermissions 200
[debug] [2025-04-01T13:49:57.105Z] <<< [apiv2][body] POST https://iam.googleapis.com/v1/projects/budgetella-d1d41/serviceAccounts/budgetella-d1d41@appspot.gserviceaccount.com:testIamPermissions {"permissions":["iam.serviceAccounts.actAs"]}
[debug] [2025-04-01T13:49:57.106Z] Checked if tokens are valid: true, expires at: 1743518994158
[debug] [2025-04-01T13:49:57.106Z] Checked if tokens are valid: true, expires at: 1743518994158
[debug] [2025-04-01T13:49:57.107Z] >>> [apiv2][query] GET https://firebase.googleapis.com/v1beta1/projects/budgetella-d1d41 [none]
[debug] [2025-04-01T13:49:57.533Z] <<< [apiv2][status] GET https://firebase.googleapis.com/v1beta1/projects/budgetella-d1d41 200
[debug] [2025-04-01T13:49:57.533Z] <<< [apiv2][body] GET https://firebase.googleapis.com/v1beta1/projects/budgetella-d1d41 {"projectId":"budgetella-d1d41","projectNumber":"523687846942","displayName":"Budgetella","name":"projects/budgetella-d1d41","resources":{"hostingSite":"budgetella-d1d41"},"state":"ACTIVE","etag":"1_106d555f-8c7f-42c7-90ee-2add48ff1143"}
[info] 
[info] === Deploying to 'budgetella-d1d41'...
[info] 
[info] i  deploying functions, hosting 
[info] Running command: npm --prefix "$RESOURCE_DIR" run lint
[info] ✔  functions: Finished running predeploy script. 
[debug] [2025-04-01T13:49:58.101Z] Checked if tokens are valid: true, expires at: 1743518994158
[debug] [2025-04-01T13:49:58.101Z] Checked if tokens are valid: true, expires at: 1743518994158
[debug] [2025-04-01T13:49:58.101Z] >>> [apiv2][query] GET https://cloudresourcemanager.googleapis.com/v1/projects/budgetella-d1d41 [none]
[debug] [2025-04-01T13:49:58.348Z] <<< [apiv2][status] GET https://cloudresourcemanager.googleapis.com/v1/projects/budgetella-d1d41 200
[debug] [2025-04-01T13:49:58.349Z] <<< [apiv2][body] GET https://cloudresourcemanager.googleapis.com/v1/projects/budgetella-d1d41 {"projectNumber":"523687846942","projectId":"budgetella-d1d41","lifecycleState":"ACTIVE","name":"Budgetella","labels":{"firebase":"enabled","firebase-core":"disabled","generative-language":"enabled"},"createTime":"2025-03-29T06:20:39.898224Z"}
[info] i  functions: preparing codebase default for deployment 
[info] i  functions: ensuring required API cloudfunctions.googleapis.com is enabled... 
[debug] [2025-04-01T13:49:58.351Z] Checked if tokens are valid: true, expires at: 1743518994158
[debug] [2025-04-01T13:49:58.351Z] Checked if tokens are valid: true, expires at: 1743518994158
[debug] [2025-04-01T13:49:58.351Z] Checked if tokens are valid: true, expires at: 1743518994158
[debug] [2025-04-01T13:49:58.351Z] Checked if tokens are valid: true, expires at: 1743518994158
[info] i  functions: ensuring required API cloudbuild.googleapis.com is enabled... 
[debug] [2025-04-01T13:49:58.352Z] Checked if tokens are valid: true, expires at: 1743518994158
[debug] [2025-04-01T13:49:58.352Z] Checked if tokens are valid: true, expires at: 1743518994158
[info] i  artifactregistry: ensuring required API artifactregistry.googleapis.com is enabled... 
[debug] [2025-04-01T13:49:58.352Z] Checked if tokens are valid: true, expires at: 1743518994158
[debug] [2025-04-01T13:49:58.352Z] Checked if tokens are valid: true, expires at: 1743518994158
[debug] [2025-04-01T13:49:58.352Z] >>> [apiv2][query] GET https://serviceusage.googleapis.com/v1/projects/budgetella-d1d41/services/cloudfunctions.googleapis.com [none]
[debug] [2025-04-01T13:49:58.352Z] >>> [apiv2][(partial)header] GET https://serviceusage.googleapis.com/v1/projects/budgetella-d1d41/services/cloudfunctions.googleapis.com x-goog-quota-user=projects/budgetella-d1d41
[debug] [2025-04-01T13:49:58.354Z] >>> [apiv2][query] GET https://serviceusage.googleapis.com/v1/projects/budgetella-d1d41/services/runtimeconfig.googleapis.com [none]
[debug] [2025-04-01T13:49:58.354Z] >>> [apiv2][(partial)header] GET https://serviceusage.googleapis.com/v1/projects/budgetella-d1d41/services/runtimeconfig.googleapis.com x-goog-quota-user=projects/budgetella-d1d41
[debug] [2025-04-01T13:49:58.356Z] >>> [apiv2][query] GET https://serviceusage.googleapis.com/v1/projects/budgetella-d1d41/services/cloudbuild.googleapis.com [none]
[debug] [2025-04-01T13:49:58.356Z] >>> [apiv2][(partial)header] GET https://serviceusage.googleapis.com/v1/projects/budgetella-d1d41/services/cloudbuild.googleapis.com x-goog-quota-user=projects/budgetella-d1d41
[debug] [2025-04-01T13:49:58.358Z] >>> [apiv2][query] GET https://serviceusage.googleapis.com/v1/projects/budgetella-d1d41/services/artifactregistry.googleapis.com [none]
[debug] [2025-04-01T13:49:58.358Z] >>> [apiv2][(partial)header] GET https://serviceusage.googleapis.com/v1/projects/budgetella-d1d41/services/artifactregistry.googleapis.com x-goog-quota-user=projects/budgetella-d1d41
[debug] [2025-04-01T13:49:59.572Z] <<< [apiv2][status] GET https://serviceusage.googleapis.com/v1/projects/budgetella-d1d41/services/runtimeconfig.googleapis.com 200
[debug] [2025-04-01T13:49:59.572Z] <<< [apiv2][body] GET https://serviceusage.googleapis.com/v1/projects/budgetella-d1d41/services/runtimeconfig.googleapis.com [omitted]
[debug] [2025-04-01T13:49:59.574Z] <<< [apiv2][status] GET https://serviceusage.googleapis.com/v1/projects/budgetella-d1d41/services/artifactregistry.googleapis.com 200
[debug] [2025-04-01T13:49:59.574Z] <<< [apiv2][body] GET https://serviceusage.googleapis.com/v1/projects/budgetella-d1d41/services/artifactregistry.googleapis.com [omitted]
[info] ✔  artifactregistry: required API artifactregistry.googleapis.com is enabled 
[debug] [2025-04-01T13:49:59.575Z] <<< [apiv2][status] GET https://serviceusage.googleapis.com/v1/projects/budgetella-d1d41/services/cloudfunctions.googleapis.com 200
[debug] [2025-04-01T13:49:59.575Z] <<< [apiv2][body] GET https://serviceusage.googleapis.com/v1/projects/budgetella-d1d41/services/cloudfunctions.googleapis.com [omitted]
[info] ✔  functions: required API cloudfunctions.googleapis.com is enabled 
[debug] [2025-04-01T13:49:59.575Z] <<< [apiv2][status] GET https://serviceusage.googleapis.com/v1/projects/budgetella-d1d41/services/cloudbuild.googleapis.com 200
[debug] [2025-04-01T13:49:59.575Z] <<< [apiv2][body] GET https://serviceusage.googleapis.com/v1/projects/budgetella-d1d41/services/cloudbuild.googleapis.com [omitted]
[info] ✔  functions: required API cloudbuild.googleapis.com is enabled 
[debug] [2025-04-01T13:49:59.576Z] Checked if tokens are valid: true, expires at: 1743518994158
[debug] [2025-04-01T13:49:59.576Z] Checked if tokens are valid: true, expires at: 1743518994158
[debug] [2025-04-01T13:49:59.576Z] >>> [apiv2][query] GET https://firebase.googleapis.com/v1beta1/projects/budgetella-d1d41/adminSdkConfig [none]
[debug] [2025-04-01T13:49:59.978Z] <<< [apiv2][status] GET https://firebase.googleapis.com/v1beta1/projects/budgetella-d1d41/adminSdkConfig 200
[debug] [2025-04-01T13:49:59.978Z] <<< [apiv2][body] GET https://firebase.googleapis.com/v1beta1/projects/budgetella-d1d41/adminSdkConfig {"projectId":"budgetella-d1d41","storageBucket":"budgetella-d1d41.firebasestorage.app"}
[debug] [2025-04-01T13:49:59.978Z] Checked if tokens are valid: true, expires at: 1743518994158
[debug] [2025-04-01T13:49:59.978Z] Checked if tokens are valid: true, expires at: 1743518994158
[debug] [2025-04-01T13:49:59.979Z] >>> [apiv2][query] GET https://runtimeconfig.googleapis.com/v1beta1/projects/budgetella-d1d41/configs [none]
[debug] [2025-04-01T13:50:00.590Z] <<< [apiv2][status] GET https://runtimeconfig.googleapis.com/v1beta1/projects/budgetella-d1d41/configs 200
[debug] [2025-04-01T13:50:00.590Z] <<< [apiv2][body] GET https://runtimeconfig.googleapis.com/v1beta1/projects/budgetella-d1d41/configs {"configs":[{"name":"projects/budgetella-d1d41/configs/stripe"},{"name":"projects/budgetella-d1d41/configs/email"}]}
[debug] [2025-04-01T13:50:00.591Z] Checked if tokens are valid: true, expires at: 1743518994158
[debug] [2025-04-01T13:50:00.591Z] Checked if tokens are valid: true, expires at: 1743518994158
[debug] [2025-04-01T13:50:00.591Z] Checked if tokens are valid: true, expires at: 1743518994158
[debug] [2025-04-01T13:50:00.591Z] Checked if tokens are valid: true, expires at: 1743518994158
[debug] [2025-04-01T13:50:00.591Z] >>> [apiv2][query] GET https://runtimeconfig.googleapis.com/v1beta1/projects/budgetella-d1d41/configs/stripe/variables [none]
[debug] [2025-04-01T13:50:00.592Z] >>> [apiv2][query] GET https://runtimeconfig.googleapis.com/v1beta1/projects/budgetella-d1d41/configs/email/variables [none]
[debug] [2025-04-01T13:50:00.814Z] <<< [apiv2][status] GET https://runtimeconfig.googleapis.com/v1beta1/projects/budgetella-d1d41/configs/stripe/variables 200
[debug] [2025-04-01T13:50:00.814Z] <<< [apiv2][body] GET https://runtimeconfig.googleapis.com/v1beta1/projects/budgetella-d1d41/configs/stripe/variables {"variables":[{"name":"projects/budgetella-d1d41/configs/stripe/variables/secret_key","updateTime":"2025-04-01T10:06:00.753897219Z"}]}
[debug] [2025-04-01T13:50:00.814Z] Checked if tokens are valid: true, expires at: 1743518994158
[debug] [2025-04-01T13:50:00.815Z] Checked if tokens are valid: true, expires at: 1743518994158
[debug] [2025-04-01T13:50:00.815Z] >>> [apiv2][query] GET https://runtimeconfig.googleapis.com/v1beta1/projects/budgetella-d1d41/configs/stripe/variables/secret_key [none]
[debug] [2025-04-01T13:50:01.070Z] <<< [apiv2][status] GET https://runtimeconfig.googleapis.com/v1beta1/projects/budgetella-d1d41/configs/email/variables 200
[debug] [2025-04-01T13:50:01.071Z] <<< [apiv2][body] GET https://runtimeconfig.googleapis.com/v1beta1/projects/budgetella-d1d41/configs/email/variables {"variables":[{"name":"projects/budgetella-d1d41/configs/email/variables/user","updateTime":"2025-03-29T20:25:09.000146140Z"},{"name":"projects/budgetella-d1d41/configs/email/variables/password","updateTime":"2025-03-29T20:25:08.972663193Z"}]}
[debug] [2025-04-01T13:50:01.071Z] Checked if tokens are valid: true, expires at: 1743518994158
[debug] [2025-04-01T13:50:01.071Z] Checked if tokens are valid: true, expires at: 1743518994158
[debug] [2025-04-01T13:50:01.071Z] Checked if tokens are valid: true, expires at: 1743518994158
[debug] [2025-04-01T13:50:01.071Z] Checked if tokens are valid: true, expires at: 1743518994158
[debug] [2025-04-01T13:50:01.071Z] >>> [apiv2][query] GET https://runtimeconfig.googleapis.com/v1beta1/projects/budgetella-d1d41/configs/email/variables/user [none]
[debug] [2025-04-01T13:50:01.072Z] >>> [apiv2][query] GET https://runtimeconfig.googleapis.com/v1beta1/projects/budgetella-d1d41/configs/email/variables/password [none]
[debug] [2025-04-01T13:50:01.118Z] <<< [apiv2][status] GET https://runtimeconfig.googleapis.com/v1beta1/projects/budgetella-d1d41/configs/stripe/variables/secret_key 200
[debug] [2025-04-01T13:50:01.118Z] <<< [apiv2][body] GET https://runtimeconfig.googleapis.com/v1beta1/projects/budgetella-d1d41/configs/stripe/variables/secret_key {"name":"projects/budgetella-d1d41/configs/stripe/variables/secret_key","updateTime":"2025-04-01T10:06:00.753897219Z","text":"sk_test_51R8eLuFTvM1E51CiNYxCS7NOYKSwwIkV7KDFZcyasCULRG7Um8s5F10dHhlxj3pc2VPUTApKhheFff1YfDLNto0P00NXFZ0Gfz"}
[debug] [2025-04-01T13:50:01.332Z] <<< [apiv2][status] GET https://runtimeconfig.googleapis.com/v1beta1/projects/budgetella-d1d41/configs/email/variables/user 200
[debug] [2025-04-01T13:50:01.332Z] <<< [apiv2][body] GET https://runtimeconfig.googleapis.com/v1beta1/projects/budgetella-d1d41/configs/email/variables/user {"name":"projects/budgetella-d1d41/configs/email/variables/user","updateTime":"2025-03-29T20:25:09.000146140Z","text":"flayzeraynx@gmail.com"}
[debug] [2025-04-01T13:50:01.941Z] <<< [apiv2][status] GET https://runtimeconfig.googleapis.com/v1beta1/projects/budgetella-d1d41/configs/email/variables/password 200
[debug] [2025-04-01T13:50:01.941Z] <<< [apiv2][body] GET https://runtimeconfig.googleapis.com/v1beta1/projects/budgetella-d1d41/configs/email/variables/password {"name":"projects/budgetella-d1d41/configs/email/variables/password","updateTime":"2025-03-29T20:25:08.972663193Z","text":"bgup ldvo wush xfgn"}
[debug] [2025-04-01T13:50:01.943Z] Validating nodejs source
[warn] ⚠  functions: Runtime Node.js 18 will be deprecated on 2025-04-30 and will be decommissioned on 2025-10-31, after which you will not be able to deploy without upgrading. Consider upgrading now to avoid disruption. See https://cloud.google.com/functions/docs/runtime-support for full details on the lifecycle policy 
[warn] ⚠  functions: package.json indicates an outdated version of firebase-functions. Please upgrade using npm install --save firebase-functions@latest in your functions directory. 
[warn] ⚠  functions: Please note that there will be breaking changes when you upgrade. 
[debug] [2025-04-01T13:50:02.378Z] > [functions] package.json contents: {
  "name": "functions",
  "description": "Cloud Functions for Firebase",
  "scripts": {
    "lint": "eslint .",
    "serve": "firebase emulators:start --only functions",
    "shell": "firebase functions:shell",
    "start": "npm run shell",
    "deploy": "firebase deploy --only functions",
    "deploy:interactive": "node deploy-functions.js",
    "logs": "firebase functions:log"
  },
  "engines": {
    "node": "18"
  },
  "main": "index.js",
  "dependencies": {
    "cors": "^2.8.5",
    "dotenv": "^16.4.7",
    "firebase-admin": "^11.8.0",
    "firebase-functions": "^4.3.1",
    "node-fetch": "^3.3.2",
    "nodemailer": "^6.9.1",
    "stripe": "^17.7.0"
  },
  "devDependencies": {
    "eslint": "^8.15.0",
    "eslint-config-google": "^0.14.0",
    "firebase-functions-test": "^3.1.0"
  },
  "private": true
}
[debug] [2025-04-01T13:50:02.378Z] Building nodejs source
[info] i  functions: Loading and analyzing source code for codebase default to determine what to deploy 
[info] i  functions: You are using a version of firebase-functions SDK (4.9.0) that does not have support for the newest Firebase Extensions features. Please update firebase-functions SDK to >=5.1.0 to use them correctly 
[debug] [2025-04-01T13:50:02.379Z] Could not find functions.yaml. Must use http discovery
[debug] [2025-04-01T13:50:02.384Z] Found firebase-functions binary at '/Users/ozankilic/Documents/GitHub/Budgetella/budgetella_functions/node_modules/.bin/firebase-functions'
[info] Serving at port 8075

[debug] [2025-04-01T13:50:02.553Z] Got response from /__/functions.yaml {"endpoints":{"updateAllCategoryTranslations":{"platform":"gcfv1","availableMemoryMb":null,"timeoutSeconds":null,"minInstances":null,"maxInstances":null,"ingressSettings":null,"serviceAccountEmail":null,"vpc":null,"httpsTrigger":{},"entryPoint":"updateAllCategoryTranslations"},"createCheckoutSession":{"platform":"gcfv1","availableMemoryMb":null,"timeoutSeconds":null,"minInstances":null,"maxInstances":null,"ingressSettings":null,"serviceAccountEmail":null,"vpc":null,"httpsTrigger":{},"entryPoint":"createCheckoutSession"},"handleStripeWebhook":{"platform":"gcfv1","availableMemoryMb":null,"timeoutSeconds":null,"minInstances":null,"maxInstances":null,"ingressSettings":null,"serviceAccountEmail":null,"vpc":null,"httpsTrigger":{},"entryPoint":"handleStripeWebhook"},"cancelSubscription":{"platform":"gcfv1","availableMemoryMb":null,"timeoutSeconds":null,"minInstances":null,"maxInstances":null,"ingressSettings":null,"serviceAccountEmail":null,"vpc":null,"httpsTrigger":{},"entryPoint":"cancelSubscription"},"getSubscriptionStatus":{"platform":"gcfv1","availableMemoryMb":null,"timeoutSeconds":null,"minInstances":null,"maxInstances":null,"ingressSettings":null,"serviceAccountEmail":null,"vpc":null,"httpsTrigger":{},"entryPoint":"getSubscriptionStatus"},"sendFeedback":{"platform":"gcfv1","availableMemoryMb":null,"timeoutSeconds":null,"minInstances":null,"maxInstances":null,"ingressSettings":null,"serviceAccountEmail":null,"vpc":null,"httpsTrigger":{},"entryPoint":"sendFeedback"}},"specVersion":"v1alpha1","requiredAPIs":[]}
[info] i  functions: preparing budgetella_functions directory for uploading... 
[info] i  functions: packaged /Users/ozankilic/Documents/GitHub/Budgetella/budgetella_functions (93.01 KB) for uploading 
[debug] [2025-04-01T13:50:06.606Z] Checked if tokens are valid: true, expires at: 1743518994158
[debug] [2025-04-01T13:50:06.606Z] Checked if tokens are valid: true, expires at: 1743518994158
[debug] [2025-04-01T13:50:06.606Z] >>> [apiv2][query] GET https://cloudfunctions.googleapis.com/v1/projects/budgetella-d1d41/locations/-/functions [none]
[debug] [2025-04-01T13:50:07.464Z] <<< [apiv2][status] GET https://cloudfunctions.googleapis.com/v1/projects/budgetella-d1d41/locations/-/functions 200
[debug] [2025-04-01T13:50:07.464Z] <<< [apiv2][body] GET https://cloudfunctions.googleapis.com/v1/projects/budgetella-d1d41/locations/-/functions {"functions":[{"name":"projects/budgetella-d1d41/locations/europe-west3/functions/ext-delete-user-data-handleSearch","sourceArchiveUrl":"gs://firebase-mod-sources-prod/9143df043d9829f50156f53733a6499e6eab953c189cf4acce85decb69b4fb1d","eventTrigger":{"eventType":"google.pubsub.topic.publish","resource":"projects/budgetella-d1d41/topics/ext-delete-user-data-discovery","service":"pubsub.googleapis.com","failurePolicy":{}},"status":"ACTIVE","entryPoint":"handleSearch","timeout":"60s","availableMemoryMb":256,"serviceAccountEmail":"ext-delete-user-data@budgetella-d1d41.iam.gserviceaccount.com","updateTime":"2025-03-30T18:56:08.790Z","versionId":"2","labels":{"goog-firebase-ext-iid":"delete-user-data","firebase-extensions-ar":"enabled","goog-dm":"firebase-ext-delete-user-data","goog-firebase-ext":"delete-user-data","deployment-tool":"firebase-extensions"},"environmentVariables":{"AUTO_DISCOVERY_SEARCH_DEPTH":"3","AUTO_DISCOVERY_SEARCH_FIELDS":"id,uid,userId","CLOUD_STORAGE_BUCKET":"budgetella-d1d41.firebasestorage.app","DATABASE_INSTANCE":"","DATABASE_URL":"","ENABLE_AUTO_DISCOVERY":"no","EXT_INSTANCE_ID":"delete-user-data","FIREBASE_CONFIG":"{\"projectId\":\"budgetella-d1d41\",\"databaseURL\":\"\",\"storageBucket\":\"budgetella-d1d41.firebasestorage.app\"}","FIRESTORE_DELETE_MODE":"shallow","GCLOUD_PROJECT":"budgetella-d1d41","LOCATION":"europe-west3","PROJECT_ID":"budgetella-d1d41","SELECTED_DATABASE_LOCATION":"us-central1","STORAGE_BUCKET":"budgetella-d1d41.firebasestorage.app"},"runtime":"nodejs20","maxInstances":3000,"ingressSettings":"ALLOW_INTERNAL_ONLY","buildId":"fe4b4eaa-140a-491e-8de3-ff87711d1dd4","buildEnvironmentVariables":{"GOOGLE_NODE_RUN_SCRIPTS":""},"buildName":"projects/523687846942/locations/europe-west3/builds/fe4b4eaa-140a-491e-8de3-ff87711d1dd4","dockerRegistry":"ARTIFACT_REGISTRY","automaticUpdatePolicy":{},"buildServiceAccount":"projects/budgetella-d1d41/serviceAccounts/523687846942-compute@developer.gserviceaccount.com"},{"name":"projects/budgetella-d1d41/locations/europe-west3/functions/ext-delete-user-data-clearData","description":"Listens for user accounts to be deleted from your project's authenticated users, then removes any associated user data (based on Firebase Authentication's User ID) from Realtime Database, Cloud Firestore, and/or Cloud Storage.","sourceArchiveUrl":"gs://firebase-mod-sources-prod/9143df043d9829f50156f53733a6499e6eab953c189cf4acce85decb69b4fb1d","eventTrigger":{"eventType":"providers/firebase.auth/eventTypes/user.delete","resource":"projects/budgetella-d1d41","service":"firebaseauth.googleapis.com","failurePolicy":{}},"status":"ACTIVE","entryPoint":"clearData","timeout":"60s","availableMemoryMb":256,"serviceAccountEmail":"ext-delete-user-data@budgetella-d1d41.iam.gserviceaccount.com","updateTime":"2025-03-30T18:56:36.767Z","versionId":"2","labels":{"deployment-tool":"firebase-extensions","goog-firebase-ext-iid":"delete-user-data","firebase-extensions-ar":"enabled","goog-dm":"firebase-ext-delete-user-data","goog-firebase-ext":"delete-user-data"},"environmentVariables":{"AUTO_DISCOVERY_SEARCH_DEPTH":"3","AUTO_DISCOVERY_SEARCH_FIELDS":"id,uid,userId","CLOUD_STORAGE_BUCKET":"budgetella-d1d41.firebasestorage.app","DATABASE_INSTANCE":"","DATABASE_URL":"","ENABLE_AUTO_DISCOVERY":"no","EXT_INSTANCE_ID":"delete-user-data","FIREBASE_CONFIG":"{\"projectId\":\"budgetella-d1d41\",\"databaseURL\":\"\",\"storageBucket\":\"budgetella-d1d41.firebasestorage.app\"}","FIRESTORE_DELETE_MODE":"shallow","GCLOUD_PROJECT":"budgetella-d1d41","LOCATION":"europe-west3","PROJECT_ID":"budgetella-d1d41","SELECTED_DATABASE_LOCATION":"us-central1","STORAGE_BUCKET":"budgetella-d1d41.firebasestorage.app"},"runtime":"nodejs20","maxInstances":3000,"ingressSettings":"ALLOW_INTERNAL_ONLY","buildId":"0d455a9a-a1d2-4a45-aebf-368c92b7db13","buildEnvironmentVariables":{"GOOGLE_NODE_RUN_SCRIPTS":""},"buildName":"projects/523687846942/locations/europe-west3/builds/0d455a9a-a1d2-4a45-aebf-368c92b7db13","dockerRegistry":"ARTIFACT_REGISTRY","automaticUpdatePolicy":{},"buildServiceAccount":"projects/budgetella-d1d41/serviceAccounts/523687846942-compute@developer.gserviceaccount.com"},{"name":"projects/budgetella-d1d41/locations/europe-west3/functions/ext-delete-user-data-handleDeletion","sourceArchiveUrl":"gs://firebase-mod-sources-prod/9143df043d9829f50156f53733a6499e6eab953c189cf4acce85decb69b4fb1d","eventTrigger":{"eventType":"google.pubsub.topic.publish","resource":"projects/budgetella-d1d41/topics/ext-delete-user-data-deletion","service":"pubsub.googleapis.com","failurePolicy":{}},"status":"ACTIVE","entryPoint":"handleDeletion","timeout":"60s","availableMemoryMb":256,"serviceAccountEmail":"ext-delete-user-data@budgetella-d1d41.iam.gserviceaccount.com","updateTime":"2025-03-30T18:56:11.695Z","versionId":"2","labels":{"goog-dm":"firebase-ext-delete-user-data","goog-firebase-ext":"delete-user-data","deployment-tool":"firebase-extensions","goog-firebase-ext-iid":"delete-user-data","firebase-extensions-ar":"enabled"},"environmentVariables":{"AUTO_DISCOVERY_SEARCH_DEPTH":"3","AUTO_DISCOVERY_SEARCH_FIELDS":"id,uid,userId","CLOUD_STORAGE_BUCKET":"budgetella-d1d41.firebasestorage.app","DATABASE_INSTANCE":"","DATABASE_URL":"","ENABLE_AUTO_DISCOVERY":"no","EXT_INSTANCE_ID":"delete-user-data","FIREBASE_CONFIG":"{\"projectId\":\"budgetella-d1d41\",\"databaseURL\":\"\",\"storageBucket\":\"budgetella-d1d41.firebasestorage.app\"}","FIRESTORE_DELETE_MODE":"shallow","GCLOUD_PROJECT":"budgetella-d1d41","LOCATION":"europe-west3","PROJECT_ID":"budgetella-d1d41","SELECTED_DATABASE_LOCATION":"us-central1","STORAGE_BUCKET":"budgetella-d1d41.firebasestorage.app"},"runtime":"nodejs20","maxInstances":3000,"ingressSettings":"ALLOW_INTERNAL_ONLY","buildId":"ce428786-4f0d-475f-b8ef-5c479074aaea","buildEnvironmentVariables":{"GOOGLE_NODE_RUN_SCRIPTS":""},"buildName":"projects/523687846942/locations/europe-west3/builds/ce428786-4f0d-475f-b8ef-5c479074aaea","dockerRegistry":"ARTIFACT_REGISTRY","automaticUpdatePolicy":{},"buildServiceAccount":"projects/budgetella-d1d41/serviceAccounts/523687846942-compute@developer.gserviceaccount.com"},{"name":"projects/budgetella-d1d41/locations/us-central1/functions/getSubscriptionStatus","httpsTrigger":{"url":"https://us-central1-budgetella-d1d41.cloudfunctions.net/getSubscriptionStatus","securityLevel":"SECURE_ALWAYS"},"status":"ACTIVE","entryPoint":"getSubscriptionStatus","timeout":"60s","availableMemoryMb":256,"serviceAccountEmail":"budgetella-d1d41@appspot.gserviceaccount.com","updateTime":"2025-04-01T10:07:48.788Z","versionId":"6","labels":{"deployment-tool":"cli-firebase","firebase-functions-hash":"18a76f86256772571003824f5d2da65226380e06"},"sourceUploadUrl":"https://storage.googleapis.com/uploads-440312358715.us-central1.cloudfunctions.appspot.com/16885d5c-1ce5-4acb-b225-8556c5219d3b.zip","environmentVariables":{"STRIPE_SECRET_KEY":"sk_test_51R8eLuFTvM1E51CiNYxCS7NOYKSwwIkV7KDFZcyasCULRG7Um8s5F10dHhlxj3pc2VPUTApKhheFff1YfDLNto0P00NXFZ0Gfz","STRIPE_PUBLISHABLE_KEY":"pk_test_51R8eLuFTvM1E51CiwgczZgIUPIxB4xmH1DAmqbwxWFVC1CP6TAj85c9q7fcF4tf9dhhS0mVQ3bsVNWfDngNhQy8H00DfP2s0VL","STRIPE_WEBHOOK_SECRET":"whsec_a2KCPqUnWIFNlZHNjy4WPr3AaFbxNChC","FIREBASE_CONFIG":"{\"projectId\":\"budgetella-d1d41\",\"storageBucket\":\"budgetella-d1d41.firebasestorage.app\"}","GCLOUD_PROJECT":"budgetella-d1d41","EVENTARC_CLOUD_EVENT_SOURCE":"projects/budgetella-d1d41/locations/us-central1/functions/getSubscriptionStatus"},"runtime":"nodejs18","ingressSettings":"ALLOW_ALL","buildId":"9ddcd3fa-5fc1-4041-99a0-92b83d5c7e33","buildEnvironmentVariables":{"GOOGLE_NODE_RUN_SCRIPTS":""},"buildName":"projects/523687846942/locations/us-central1/builds/9ddcd3fa-5fc1-4041-99a0-92b83d5c7e33","dockerRegistry":"ARTIFACT_REGISTRY","automaticUpdatePolicy":{},"buildServiceAccount":"projects/budgetella-d1d41/serviceAccounts/523687846942-compute@developer.gserviceaccount.com"},{"name":"projects/budgetella-d1d41/locations/us-central1/functions/updateAllCategoryTranslations","httpsTrigger":{"url":"https://us-central1-budgetella-d1d41.cloudfunctions.net/updateAllCategoryTranslations","securityLevel":"SECURE_ALWAYS"},"status":"ACTIVE","entryPoint":"updateAllCategoryTranslations","timeout":"60s","availableMemoryMb":256,"serviceAccountEmail":"budgetella-d1d41@appspot.gserviceaccount.com","updateTime":"2025-04-01T10:07:39.532Z","versionId":"8","labels":{"deployment-tool":"cli-firebase","firebase-functions-hash":"18a76f86256772571003824f5d2da65226380e06"},"sourceUploadUrl":"https://storage.googleapis.com/uploads-440312358715.us-central1.cloudfunctions.appspot.com/16885d5c-1ce5-4acb-b225-8556c5219d3b.zip","environmentVariables":{"STRIPE_SECRET_KEY":"sk_test_51R8eLuFTvM1E51CiNYxCS7NOYKSwwIkV7KDFZcyasCULRG7Um8s5F10dHhlxj3pc2VPUTApKhheFff1YfDLNto0P00NXFZ0Gfz","STRIPE_PUBLISHABLE_KEY":"pk_test_51R8eLuFTvM1E51CiwgczZgIUPIxB4xmH1DAmqbwxWFVC1CP6TAj85c9q7fcF4tf9dhhS0mVQ3bsVNWfDngNhQy8H00DfP2s0VL","STRIPE_WEBHOOK_SECRET":"whsec_a2KCPqUnWIFNlZHNjy4WPr3AaFbxNChC","FIREBASE_CONFIG":"{\"projectId\":\"budgetella-d1d41\",\"storageBucket\":\"budgetella-d1d41.firebasestorage.app\"}","GCLOUD_PROJECT":"budgetella-d1d41","EVENTARC_CLOUD_EVENT_SOURCE":"projects/budgetella-d1d41/locations/us-central1/functions/updateAllCategoryTranslations"},"runtime":"nodejs18","ingressSettings":"ALLOW_ALL","buildId":"9ddcd3fa-5fc1-4041-99a0-92b83d5c7e33","buildEnvironmentVariables":{"GOOGLE_NODE_RUN_SCRIPTS":""},"buildName":"projects/523687846942/locations/us-central1/builds/9ddcd3fa-5fc1-4041-99a0-92b83d5c7e33","dockerRegistry":"ARTIFACT_REGISTRY","automaticUpdatePolicy":{},"buildServiceAccount":"projects/budgetella-d1d41/serviceAccounts/523687846942-compute@developer.gserviceaccount.com"},{"name":"projects/budgetella-d1d41/locations/us-central1/functions/cancelSubscription","httpsTrigger":{"url":"https://us-central1-budgetella-d1d41.cloudfunctions.net/cancelSubscription","securityLevel":"SECURE_ALWAYS"},"status":"ACTIVE","entryPoint":"cancelSubscription","timeout":"60s","availableMemoryMb":256,"serviceAccountEmail":"budgetella-d1d41@appspot.gserviceaccount.com","updateTime":"2025-04-01T10:07:49.821Z","versionId":"6","labels":{"deployment-tool":"cli-firebase","firebase-functions-hash":"18a76f86256772571003824f5d2da65226380e06"},"sourceUploadUrl":"https://storage.googleapis.com/uploads-440312358715.us-central1.cloudfunctions.appspot.com/16885d5c-1ce5-4acb-b225-8556c5219d3b.zip","environmentVariables":{"STRIPE_SECRET_KEY":"sk_test_51R8eLuFTvM1E51CiNYxCS7NOYKSwwIkV7KDFZcyasCULRG7Um8s5F10dHhlxj3pc2VPUTApKhheFff1YfDLNto0P00NXFZ0Gfz","STRIPE_PUBLISHABLE_KEY":"pk_test_51R8eLuFTvM1E51CiwgczZgIUPIxB4xmH1DAmqbwxWFVC1CP6TAj85c9q7fcF4tf9dhhS0mVQ3bsVNWfDngNhQy8H00DfP2s0VL","STRIPE_WEBHOOK_SECRET":"whsec_a2KCPqUnWIFNlZHNjy4WPr3AaFbxNChC","FIREBASE_CONFIG":"{\"projectId\":\"budgetella-d1d41\",\"storageBucket\":\"budgetella-d1d41.firebasestorage.app\"}","GCLOUD_PROJECT":"budgetella-d1d41","EVENTARC_CLOUD_EVENT_SOURCE":"projects/budgetella-d1d41/locations/us-central1/functions/cancelSubscription"},"runtime":"nodejs18","ingressSettings":"ALLOW_ALL","buildId":"9ddcd3fa-5fc1-4041-99a0-92b83d5c7e33","buildEnvironmentVariables":{"GOOGLE_NODE_RUN_SCRIPTS":""},"buildName":"projects/523687846942/locations/us-central1/builds/9ddcd3fa-5fc1-4041-99a0-92b83d5c7e33","dockerRegistry":"ARTIFACT_REGISTRY","automaticUpdatePolicy":{},"buildServiceAccount":"projects/budgetella-d1d41/serviceAccounts/523687846942-compute@developer.gserviceaccount.com"},{"name":"projects/budgetella-d1d41/locations/us-central1/functions/createCheckoutSession","httpsTrigger":{"url":"https://us-central1-budgetella-d1d41.cloudfunctions.net/createCheckoutSession","securityLevel":"SECURE_ALWAYS"},"status":"ACTIVE","entryPoint":"createCheckoutSession","timeout":"60s","availableMemoryMb":256,"serviceAccountEmail":"budgetella-d1d41@appspot.gserviceaccount.com","updateTime":"2025-04-01T10:07:44.072Z","versionId":"6","labels":{"deployment-tool":"cli-firebase","firebase-functions-hash":"18a76f86256772571003824f5d2da65226380e06"},"sourceUploadUrl":"https://storage.googleapis.com/uploads-440312358715.us-central1.cloudfunctions.appspot.com/16885d5c-1ce5-4acb-b225-8556c5219d3b.zip","environmentVariables":{"STRIPE_SECRET_KEY":"sk_test_51R8eLuFTvM1E51CiNYxCS7NOYKSwwIkV7KDFZcyasCULRG7Um8s5F10dHhlxj3pc2VPUTApKhheFff1YfDLNto0P00NXFZ0Gfz","STRIPE_PUBLISHABLE_KEY":"pk_test_51R8eLuFTvM1E51CiwgczZgIUPIxB4xmH1DAmqbwxWFVC1CP6TAj85c9q7fcF4tf9dhhS0mVQ3bsVNWfDngNhQy8H00DfP2s0VL","STRIPE_WEBHOOK_SECRET":"whsec_a2KCPqUnWIFNlZHNjy4WPr3AaFbxNChC","FIREBASE_CONFIG":"{\"projectId\":\"budgetella-d1d41\",\"storageBucket\":\"budgetella-d1d41.firebasestorage.app\"}","GCLOUD_PROJECT":"budgetella-d1d41","EVENTARC_CLOUD_EVENT_SOURCE":"projects/budgetella-d1d41/locations/us-central1/functions/createCheckoutSession"},"runtime":"nodejs18","ingressSettings":"ALLOW_ALL","buildId":"9ddcd3fa-5fc1-4041-99a0-92b83d5c7e33","buildEnvironmentVariables":{"GOOGLE_NODE_RUN_SCRIPTS":""},"buildName":"projects/523687846942/locations/us-central1/builds/9ddcd3fa-5fc1-4041-99a0-92b83d5c7e33","dockerRegistry":"ARTIFACT_REGISTRY","automaticUpdatePolicy":{},"buildServiceAccount":"projects/budgetella-d1d41/serviceAccounts/523687846942-compute@developer.gserviceaccount.com"},{"name":"projects/budgetella-d1d41/locations/us-central1/functions/handleStripeWebhook","httpsTrigger":{"url":"https://us-central1-budgetella-d1d41.cloudfunctions.net/handleStripeWebhook","securityLevel":"SECURE_ALWAYS"},"status":"ACTIVE","entryPoint":"handleStripeWebhook","timeout":"60s","availableMemoryMb":256,"serviceAccountEmail":"budgetella-d1d41@appspot.gserviceaccount.com","updateTime":"2025-04-01T10:07:43.725Z","versionId":"6","labels":{"deployment-tool":"cli-firebase","firebase-functions-hash":"18a76f86256772571003824f5d2da65226380e06"},"sourceUploadUrl":"https://storage.googleapis.com/uploads-440312358715.us-central1.cloudfunctions.appspot.com/16885d5c-1ce5-4acb-b225-8556c5219d3b.zip","environmentVariables":{"STRIPE_SECRET_KEY":"sk_test_51R8eLuFTvM1E51CiNYxCS7NOYKSwwIkV7KDFZcyasCULRG7Um8s5F10dHhlxj3pc2VPUTApKhheFff1YfDLNto0P00NXFZ0Gfz","STRIPE_PUBLISHABLE_KEY":"pk_test_51R8eLuFTvM1E51CiwgczZgIUPIxB4xmH1DAmqbwxWFVC1CP6TAj85c9q7fcF4tf9dhhS0mVQ3bsVNWfDngNhQy8H00DfP2s0VL","STRIPE_WEBHOOK_SECRET":"whsec_a2KCPqUnWIFNlZHNjy4WPr3AaFbxNChC","FIREBASE_CONFIG":"{\"projectId\":\"budgetella-d1d41\",\"storageBucket\":\"budgetella-d1d41.firebasestorage.app\"}","GCLOUD_PROJECT":"budgetella-d1d41","EVENTARC_CLOUD_EVENT_SOURCE":"projects/budgetella-d1d41/locations/us-central1/functions/handleStripeWebhook"},"runtime":"nodejs18","ingressSettings":"ALLOW_ALL","buildId":"9ddcd3fa-5fc1-4041-99a0-92b83d5c7e33","buildEnvironmentVariables":{"GOOGLE_NODE_RUN_SCRIPTS":""},"buildName":"projects/523687846942/locations/us-central1/builds/9ddcd3fa-5fc1-4041-99a0-92b83d5c7e33","dockerRegistry":"ARTIFACT_REGISTRY","automaticUpdatePolicy":{},"buildServiceAccount":"projects/budgetella-d1d41/serviceAccounts/523687846942-compute@developer.gserviceaccount.com"},{"name":"projects/budgetella-d1d41/locations/us-central1/functions/sendFeedback","httpsTrigger":{"url":"https://us-central1-budgetella-d1d41.cloudfunctions.net/sendFeedback","securityLevel":"SECURE_ALWAYS"},"status":"ACTIVE","entryPoint":"sendFeedback","timeout":"60s","availableMemoryMb":256,"serviceAccountEmail":"budgetella-d1d41@appspot.gserviceaccount.com","updateTime":"2025-04-01T10:07:43.808Z","versionId":"13","labels":{"deployment-tool":"cli-firebase","firebase-functions-hash":"18a76f86256772571003824f5d2da65226380e06"},"sourceUploadUrl":"https://storage.googleapis.com/uploads-440312358715.us-central1.cloudfunctions.appspot.com/16885d5c-1ce5-4acb-b225-8556c5219d3b.zip","environmentVariables":{"STRIPE_SECRET_KEY":"sk_test_51R8eLuFTvM1E51CiNYxCS7NOYKSwwIkV7KDFZcyasCULRG7Um8s5F10dHhlxj3pc2VPUTApKhheFff1YfDLNto0P00NXFZ0Gfz","STRIPE_PUBLISHABLE_KEY":"pk_test_51R8eLuFTvM1E51CiwgczZgIUPIxB4xmH1DAmqbwxWFVC1CP6TAj85c9q7fcF4tf9dhhS0mVQ3bsVNWfDngNhQy8H00DfP2s0VL","STRIPE_WEBHOOK_SECRET":"whsec_a2KCPqUnWIFNlZHNjy4WPr3AaFbxNChC","FIREBASE_CONFIG":"{\"projectId\":\"budgetella-d1d41\",\"storageBucket\":\"budgetella-d1d41.firebasestorage.app\"}","GCLOUD_PROJECT":"budgetella-d1d41","EVENTARC_CLOUD_EVENT_SOURCE":"projects/budgetella-d1d41/locations/us-central1/functions/sendFeedback"},"runtime":"nodejs18","ingressSettings":"ALLOW_ALL","buildId":"9ddcd3fa-5fc1-4041-99a0-92b83d5c7e33","buildEnvironmentVariables":{"GOOGLE_NODE_RUN_SCRIPTS":""},"buildName":"projects/523687846942/locations/us-central1/builds/9ddcd3fa-5fc1-4041-99a0-92b83d5c7e33","dockerRegistry":"ARTIFACT_REGISTRY","automaticUpdatePolicy":{},"buildServiceAccount":"projects/budgetella-d1d41/serviceAccounts/523687846942-compute@developer.gserviceaccount.com"}]}
[debug] [2025-04-01T13:50:07.466Z] Checked if tokens are valid: true, expires at: 1743518994158
[debug] [2025-04-01T13:50:07.466Z] Checked if tokens are valid: true, expires at: 1743518994158
[debug] [2025-04-01T13:50:07.467Z] >>> [apiv2][query] GET https://cloudfunctions.googleapis.com/v2/projects/budgetella-d1d41/locations/-/functions filter=environment%3D%22GEN_2%22
[debug] [2025-04-01T13:50:08.540Z] <<< [apiv2][status] GET https://cloudfunctions.googleapis.com/v2/projects/budgetella-d1d41/locations/-/functions 200
[debug] [2025-04-01T13:50:08.540Z] <<< [apiv2][body] GET https://cloudfunctions.googleapis.com/v2/projects/budgetella-d1d41/locations/-/functions {}
[debug] [2025-04-01T13:50:08.545Z] Checked if tokens are valid: true, expires at: 1743518994158
[debug] [2025-04-01T13:50:08.545Z] Checked if tokens are valid: true, expires at: 1743518994158
[debug] [2025-04-01T13:50:08.545Z] >>> [apiv2][query] GET https://cloudresourcemanager.googleapis.com/v1/projects/budgetella-d1d41 [none]
[debug] [2025-04-01T13:50:09.563Z] <<< [apiv2][status] GET https://cloudresourcemanager.googleapis.com/v1/projects/budgetella-d1d41 200
[debug] [2025-04-01T13:50:09.564Z] <<< [apiv2][body] GET https://cloudresourcemanager.googleapis.com/v1/projects/budgetella-d1d41 {"projectNumber":"523687846942","projectId":"budgetella-d1d41","lifecycleState":"ACTIVE","name":"Budgetella","labels":{"firebase":"enabled","firebase-core":"disabled","generative-language":"enabled"},"createTime":"2025-03-29T06:20:39.898224Z"}
[debug] [2025-04-01T13:50:09.569Z] Checked if tokens are valid: true, expires at: 1743518994158
[debug] [2025-04-01T13:50:09.569Z] Checked if tokens are valid: true, expires at: 1743518994158
[debug] [2025-04-01T13:50:09.569Z] >>> [apiv2][query] POST https://firebasehosting.googleapis.com/v1beta1/projects/-/sites/budgetella-d1d41/versions [none]
[debug] [2025-04-01T13:50:09.570Z] >>> [apiv2][body] POST https://firebasehosting.googleapis.com/v1beta1/projects/-/sites/budgetella-d1d41/versions {"status":"CREATED","labels":{"deployment-tool":"cli-firebase"}}
[debug] [2025-04-01T13:50:11.792Z] <<< [apiv2][status] POST https://firebasehosting.googleapis.com/v1beta1/projects/-/sites/budgetella-d1d41/versions 200
[debug] [2025-04-01T13:50:11.792Z] <<< [apiv2][body] POST https://firebasehosting.googleapis.com/v1beta1/projects/-/sites/budgetella-d1d41/versions {"name":"projects/523687846942/sites/budgetella-d1d41/versions/2716adf3b2bad9c5","status":"CREATED","config":{},"labels":{"deployment-tool":"cli-firebase"}}
[debug] [2025-04-01T13:50:11.795Z] Checked if tokens are valid: true, expires at: 1743518994158
[debug] [2025-04-01T13:50:11.795Z] Checked if tokens are valid: true, expires at: 1743518994158
[debug] [2025-04-01T13:50:11.795Z] >>> [apiv2][query] POST https://cloudfunctions.googleapis.com/v1/projects/budgetella-d1d41/locations/us-central1/functions:generateUploadUrl [none]
[debug] [2025-04-01T13:50:11.796Z] >>> [apiv2][body] POST https://cloudfunctions.googleapis.com/v1/projects/budgetella-d1d41/locations/us-central1/functions:generateUploadUrl {}
[debug] [2025-04-01T13:50:12.422Z] <<< [apiv2][status] POST https://cloudfunctions.googleapis.com/v1/projects/budgetella-d1d41/locations/us-central1/functions:generateUploadUrl 200
[debug] [2025-04-01T13:50:12.422Z] <<< [apiv2][body] POST https://cloudfunctions.googleapis.com/v1/projects/budgetella-d1d41/locations/us-central1/functions:generateUploadUrl {"uploadUrl":"https://storage.googleapis.com/uploads-440312358715.us-central1.cloudfunctions.appspot.com/2758c427-6f2e-47ac-8e3c-7d3b466b6836.zip?GoogleAccessId=service-523687846942@gcf-admin-robot.iam.gserviceaccount.com&Expires=1743517212&Signature=NfAFOsm%2FcayG8oOs5pL3yAiyZ0UaIWg4rkXHRCAhKBCdxfEfABuwiwWZgCCNS4o2QQgmThb8mUlL4Ql6v8IMOofQ6oBrVGCLzU9PFixl36xJgZGG3LfJK0%2FWBrPT6IyWyCgOqexYQ1MqdT6mhrzQO%2FynZ7KHefUT2t1qUg7qgHdB9jQMnA3k7lPEyCJUGWAn1UCkWd5XjijFHdjlkwg4YshvAHt3Rz0ON%2Fagmh6AGUNEfVat54PfWIngIKlUNHdrPpqLNP1v7LvG2fiTXUNGlmOMS07Eb2S%2FtXwNS%2FXcmMofeFf1AguvRxNjYpLtAUk2mVNvpHTnppjILgnU7iJgOA%3D%3D"}
[debug] [2025-04-01T13:50:12.423Z] >>> [apiv2][query] PUT https://storage.googleapis.com/uploads-440312358715.us-central1.cloudfunctions.appspot.com/2758c427-6f2e-47ac-8e3c-7d3b466b6836.zip GoogleAccessId=service-523687846942%40gcf-admin-robot.iam.gserviceaccount.com&Expires=1743517212&Signature=NfAFOsm%2FcayG8oOs5pL3yAiyZ0UaIWg4rkXHRCAhKBCdxfEfABuwiwWZgCCNS4o2QQgmThb8mUlL4Ql6v8IMOofQ6oBrVGCLzU9PFixl36xJgZGG3LfJK0%2FWBrPT6IyWyCgOqexYQ1MqdT6mhrzQO%2FynZ7KHefUT2t1qUg7qgHdB9jQMnA3k7lPEyCJUGWAn1UCkWd5XjijFHdjlkwg4YshvAHt3Rz0ON%2Fagmh6AGUNEfVat54PfWIngIKlUNHdrPpqLNP1v7LvG2fiTXUNGlmOMS07Eb2S%2FtXwNS%2FXcmMofeFf1AguvRxNjYpLtAUk2mVNvpHTnppjILgnU7iJgOA%3D%3D
[debug] [2025-04-01T13:50:12.423Z] >>> [apiv2][body] PUT https://storage.googleapis.com/uploads-440312358715.us-central1.cloudfunctions.appspot.com/2758c427-6f2e-47ac-8e3c-7d3b466b6836.zip [stream]
