[debug] [2025-03-31T18:56:50.330Z] ----------------------------------------------------------------------
[debug] [2025-03-31T18:56:50.332Z] Command:       C:\Program Files\nodejs\node.exe C:\Users\slayt\AppData\Roaming\npm\node_modules\firebase-tools\lib\bin\firebase.js deploy
[debug] [2025-03-31T18:56:50.332Z] CLI Version:   14.0.1
[debug] [2025-03-31T18:56:50.332Z] Platform:      win32
[debug] [2025-03-31T18:56:50.332Z] Node Version:  v22.14.0
[debug] [2025-03-31T18:56:50.332Z] Time:          Mon Mar 31 2025 21:56:50 GMT+0300 (GMT+03:00)
[debug] [2025-03-31T18:56:50.332Z] ----------------------------------------------------------------------
[debug] 
[debug] [2025-03-31T18:56:50.498Z] > command requires scopes: ["email","openid","https://www.googleapis.com/auth/cloudplatformprojects.readonly","https://www.googleapis.com/auth/firebase","https://www.googleapis.com/auth/cloud-platform"]
[debug] [2025-03-31T18:56:50.498Z] > authorizing via signed-in user (flayzeraynx@gmail.com)
[debug] [2025-03-31T18:56:50.498Z] [iam] checking project budgetella-d1d41 for permissions ["cloudfunctions.functions.create","cloudfunctions.functions.delete","cloudfunctions.functions.get","cloudfunctions.functions.list","cloudfunctions.functions.update","cloudfunctions.operations.get","firebase.projects.get","firebasehosting.sites.update"]
[debug] [2025-03-31T18:56:50.499Z] Checked if tokens are valid: true, expires at: 1743449213446
[debug] [2025-03-31T18:56:50.499Z] Checked if tokens are valid: true, expires at: 1743449213446
[debug] [2025-03-31T18:56:50.500Z] >>> [apiv2][query] POST https://cloudresourcemanager.googleapis.com/v1/projects/budgetella-d1d41:testIamPermissions [none]
[debug] [2025-03-31T18:56:50.500Z] >>> [apiv2][(partial)header] POST https://cloudresourcemanager.googleapis.com/v1/projects/budgetella-d1d41:testIamPermissions x-goog-quota-user=projects/budgetella-d1d41
[debug] [2025-03-31T18:56:50.500Z] >>> [apiv2][body] POST https://cloudresourcemanager.googleapis.com/v1/projects/budgetella-d1d41:testIamPermissions {"permissions":["cloudfunctions.functions.create","cloudfunctions.functions.delete","cloudfunctions.functions.get","cloudfunctions.functions.list","cloudfunctions.functions.update","cloudfunctions.operations.get","firebase.projects.get","firebasehosting.sites.update"]}
[debug] [2025-03-31T18:56:51.599Z] <<< [apiv2][status] POST https://cloudresourcemanager.googleapis.com/v1/projects/budgetella-d1d41:testIamPermissions 200
[debug] [2025-03-31T18:56:51.599Z] <<< [apiv2][body] POST https://cloudresourcemanager.googleapis.com/v1/projects/budgetella-d1d41:testIamPermissions {"permissions":["cloudfunctions.functions.create","cloudfunctions.functions.delete","cloudfunctions.functions.get","cloudfunctions.functions.list","cloudfunctions.functions.update","cloudfunctions.operations.get","firebase.projects.get","firebasehosting.sites.update"]}
[debug] [2025-03-31T18:56:51.599Z] Checked if tokens are valid: true, expires at: 1743449213446
[debug] [2025-03-31T18:56:51.599Z] Checked if tokens are valid: true, expires at: 1743449213446
[debug] [2025-03-31T18:56:51.599Z] >>> [apiv2][query] POST https://iam.googleapis.com/v1/projects/budgetella-d1d41/serviceAccounts/budgetella-d1d41@appspot.gserviceaccount.com:testIamPermissions [none]
[debug] [2025-03-31T18:56:51.599Z] >>> [apiv2][body] POST https://iam.googleapis.com/v1/projects/budgetella-d1d41/serviceAccounts/budgetella-d1d41@appspot.gserviceaccount.com:testIamPermissions {"permissions":["iam.serviceAccounts.actAs"]}
[debug] [2025-03-31T18:56:52.630Z] <<< [apiv2][status] POST https://iam.googleapis.com/v1/projects/budgetella-d1d41/serviceAccounts/budgetella-d1d41@appspot.gserviceaccount.com:testIamPermissions 200
[debug] [2025-03-31T18:56:52.630Z] <<< [apiv2][body] POST https://iam.googleapis.com/v1/projects/budgetella-d1d41/serviceAccounts/budgetella-d1d41@appspot.gserviceaccount.com:testIamPermissions {"permissions":["iam.serviceAccounts.actAs"]}
[debug] [2025-03-31T18:56:52.630Z] Checked if tokens are valid: true, expires at: 1743449213446
[debug] [2025-03-31T18:56:52.630Z] Checked if tokens are valid: true, expires at: 1743449213446
[debug] [2025-03-31T18:56:52.631Z] >>> [apiv2][query] GET https://firebase.googleapis.com/v1beta1/projects/budgetella-d1d41 [none]
[debug] [2025-03-31T18:56:53.028Z] <<< [apiv2][status] GET https://firebase.googleapis.com/v1beta1/projects/budgetella-d1d41 200
[debug] [2025-03-31T18:56:53.028Z] <<< [apiv2][body] GET https://firebase.googleapis.com/v1beta1/projects/budgetella-d1d41 {"projectId":"budgetella-d1d41","projectNumber":"523687846942","displayName":"Budgetella","name":"projects/budgetella-d1d41","resources":{"hostingSite":"budgetella-d1d41"},"state":"ACTIVE","etag":"1_106d555f-8c7f-42c7-90ee-2add48ff1143"}
[info] 
[info] === Deploying to 'budgetella-d1d41'...
[info] 
[info] i  deploying functions, hosting 
[info] Running command: npm --prefix "$RESOURCE_DIR" run lint
[info] +  functions: Finished running predeploy script. 
[debug] [2025-03-31T18:56:54.475Z] Checked if tokens are valid: true, expires at: 1743449213446
[debug] [2025-03-31T18:56:54.476Z] Checked if tokens are valid: true, expires at: 1743449213446
[debug] [2025-03-31T18:56:54.476Z] >>> [apiv2][query] GET https://cloudresourcemanager.googleapis.com/v1/projects/budgetella-d1d41 [none]
[debug] [2025-03-31T18:56:54.731Z] <<< [apiv2][status] GET https://cloudresourcemanager.googleapis.com/v1/projects/budgetella-d1d41 200
[debug] [2025-03-31T18:56:54.731Z] <<< [apiv2][body] GET https://cloudresourcemanager.googleapis.com/v1/projects/budgetella-d1d41 {"projectNumber":"523687846942","projectId":"budgetella-d1d41","lifecycleState":"ACTIVE","name":"Budgetella","labels":{"firebase":"enabled","firebase-core":"disabled"},"createTime":"2025-03-29T06:20:39.898224Z"}
[info] i  functions: preparing codebase default for deployment 
[info] i  functions: ensuring required API cloudfunctions.googleapis.com is enabled... 
[debug] [2025-03-31T18:56:54.733Z] Checked if tokens are valid: true, expires at: 1743449213446
[debug] [2025-03-31T18:56:54.733Z] Checked if tokens are valid: true, expires at: 1743449213446
[debug] [2025-03-31T18:56:54.733Z] Checked if tokens are valid: true, expires at: 1743449213446
[debug] [2025-03-31T18:56:54.733Z] Checked if tokens are valid: true, expires at: 1743449213446
[info] i  functions: ensuring required API cloudbuild.googleapis.com is enabled... 
[debug] [2025-03-31T18:56:54.733Z] Checked if tokens are valid: true, expires at: 1743449213446
[debug] [2025-03-31T18:56:54.733Z] Checked if tokens are valid: true, expires at: 1743449213446
[info] i  artifactregistry: ensuring required API artifactregistry.googleapis.com is enabled... 
[debug] [2025-03-31T18:56:54.734Z] Checked if tokens are valid: true, expires at: 1743449213446
[debug] [2025-03-31T18:56:54.734Z] Checked if tokens are valid: true, expires at: 1743449213446
[debug] [2025-03-31T18:56:54.734Z] >>> [apiv2][query] GET https://serviceusage.googleapis.com/v1/projects/budgetella-d1d41/services/cloudfunctions.googleapis.com [none]
[debug] [2025-03-31T18:56:54.734Z] >>> [apiv2][(partial)header] GET https://serviceusage.googleapis.com/v1/projects/budgetella-d1d41/services/cloudfunctions.googleapis.com x-goog-quota-user=projects/budgetella-d1d41
[debug] [2025-03-31T18:56:54.735Z] >>> [apiv2][query] GET https://serviceusage.googleapis.com/v1/projects/budgetella-d1d41/services/runtimeconfig.googleapis.com [none]
[debug] [2025-03-31T18:56:54.735Z] >>> [apiv2][(partial)header] GET https://serviceusage.googleapis.com/v1/projects/budgetella-d1d41/services/runtimeconfig.googleapis.com x-goog-quota-user=projects/budgetella-d1d41
[debug] [2025-03-31T18:56:54.735Z] >>> [apiv2][query] GET https://serviceusage.googleapis.com/v1/projects/budgetella-d1d41/services/cloudbuild.googleapis.com [none]
[debug] [2025-03-31T18:56:54.736Z] >>> [apiv2][(partial)header] GET https://serviceusage.googleapis.com/v1/projects/budgetella-d1d41/services/cloudbuild.googleapis.com x-goog-quota-user=projects/budgetella-d1d41
[debug] [2025-03-31T18:56:54.736Z] >>> [apiv2][query] GET https://serviceusage.googleapis.com/v1/projects/budgetella-d1d41/services/artifactregistry.googleapis.com [none]
[debug] [2025-03-31T18:56:54.736Z] >>> [apiv2][(partial)header] GET https://serviceusage.googleapis.com/v1/projects/budgetella-d1d41/services/artifactregistry.googleapis.com x-goog-quota-user=projects/budgetella-d1d41
[debug] [2025-03-31T18:56:55.934Z] <<< [apiv2][status] GET https://serviceusage.googleapis.com/v1/projects/budgetella-d1d41/services/cloudfunctions.googleapis.com 200
[debug] [2025-03-31T18:56:55.934Z] <<< [apiv2][body] GET https://serviceusage.googleapis.com/v1/projects/budgetella-d1d41/services/cloudfunctions.googleapis.com [omitted]
[info] +  functions: required API cloudfunctions.googleapis.com is enabled 
[debug] [2025-03-31T18:56:55.936Z] <<< [apiv2][status] GET https://serviceusage.googleapis.com/v1/projects/budgetella-d1d41/services/cloudbuild.googleapis.com 200
[debug] [2025-03-31T18:56:55.936Z] <<< [apiv2][body] GET https://serviceusage.googleapis.com/v1/projects/budgetella-d1d41/services/cloudbuild.googleapis.com [omitted]
[info] +  functions: required API cloudbuild.googleapis.com is enabled 
[debug] [2025-03-31T18:56:55.948Z] <<< [apiv2][status] GET https://serviceusage.googleapis.com/v1/projects/budgetella-d1d41/services/runtimeconfig.googleapis.com 200
[debug] [2025-03-31T18:56:55.948Z] <<< [apiv2][body] GET https://serviceusage.googleapis.com/v1/projects/budgetella-d1d41/services/runtimeconfig.googleapis.com [omitted]
[debug] [2025-03-31T18:56:56.009Z] <<< [apiv2][status] GET https://serviceusage.googleapis.com/v1/projects/budgetella-d1d41/services/artifactregistry.googleapis.com 200
[debug] [2025-03-31T18:56:56.009Z] <<< [apiv2][body] GET https://serviceusage.googleapis.com/v1/projects/budgetella-d1d41/services/artifactregistry.googleapis.com [omitted]
[info] +  artifactregistry: required API artifactregistry.googleapis.com is enabled 
[debug] [2025-03-31T18:56:56.010Z] Checked if tokens are valid: true, expires at: 1743449213446
[debug] [2025-03-31T18:56:56.010Z] Checked if tokens are valid: true, expires at: 1743449213446
[debug] [2025-03-31T18:56:56.010Z] >>> [apiv2][query] GET https://firebase.googleapis.com/v1beta1/projects/budgetella-d1d41/adminSdkConfig [none]
[debug] [2025-03-31T18:56:56.315Z] <<< [apiv2][status] GET https://firebase.googleapis.com/v1beta1/projects/budgetella-d1d41/adminSdkConfig 200
[debug] [2025-03-31T18:56:56.316Z] <<< [apiv2][body] GET https://firebase.googleapis.com/v1beta1/projects/budgetella-d1d41/adminSdkConfig {"projectId":"budgetella-d1d41","storageBucket":"budgetella-d1d41.firebasestorage.app"}
[debug] [2025-03-31T18:56:56.316Z] Checked if tokens are valid: true, expires at: 1743449213446
[debug] [2025-03-31T18:56:56.316Z] Checked if tokens are valid: true, expires at: 1743449213446
[debug] [2025-03-31T18:56:56.316Z] >>> [apiv2][query] GET https://runtimeconfig.googleapis.com/v1beta1/projects/budgetella-d1d41/configs [none]
[debug] [2025-03-31T18:56:56.757Z] <<< [apiv2][status] GET https://runtimeconfig.googleapis.com/v1beta1/projects/budgetella-d1d41/configs 200
[debug] [2025-03-31T18:56:56.757Z] <<< [apiv2][body] GET https://runtimeconfig.googleapis.com/v1beta1/projects/budgetella-d1d41/configs {"configs":[{"name":"projects/budgetella-d1d41/configs/email"}]}
[debug] [2025-03-31T18:56:56.758Z] Checked if tokens are valid: true, expires at: 1743449213446
[debug] [2025-03-31T18:56:56.758Z] Checked if tokens are valid: true, expires at: 1743449213446
[debug] [2025-03-31T18:56:56.758Z] >>> [apiv2][query] GET https://runtimeconfig.googleapis.com/v1beta1/projects/budgetella-d1d41/configs/email/variables [none]
[debug] [2025-03-31T18:56:57.002Z] <<< [apiv2][status] GET https://runtimeconfig.googleapis.com/v1beta1/projects/budgetella-d1d41/configs/email/variables 200
[debug] [2025-03-31T18:56:57.002Z] <<< [apiv2][body] GET https://runtimeconfig.googleapis.com/v1beta1/projects/budgetella-d1d41/configs/email/variables {"variables":[{"name":"projects/budgetella-d1d41/configs/email/variables/password","updateTime":"2025-03-29T20:25:08.972663193Z"},{"name":"projects/budgetella-d1d41/configs/email/variables/user","updateTime":"2025-03-29T20:25:09.000146140Z"}]}
[debug] [2025-03-31T18:56:57.002Z] Checked if tokens are valid: true, expires at: 1743449213446
[debug] [2025-03-31T18:56:57.002Z] Checked if tokens are valid: true, expires at: 1743449213446
[debug] [2025-03-31T18:56:57.002Z] Checked if tokens are valid: true, expires at: 1743449213446
[debug] [2025-03-31T18:56:57.002Z] Checked if tokens are valid: true, expires at: 1743449213446
[debug] [2025-03-31T18:56:57.002Z] >>> [apiv2][query] GET https://runtimeconfig.googleapis.com/v1beta1/projects/budgetella-d1d41/configs/email/variables/password [none]
[debug] [2025-03-31T18:56:57.002Z] >>> [apiv2][query] GET https://runtimeconfig.googleapis.com/v1beta1/projects/budgetella-d1d41/configs/email/variables/user [none]
[debug] [2025-03-31T18:56:57.244Z] <<< [apiv2][status] GET https://runtimeconfig.googleapis.com/v1beta1/projects/budgetella-d1d41/configs/email/variables/password 200
[debug] [2025-03-31T18:56:57.244Z] <<< [apiv2][body] GET https://runtimeconfig.googleapis.com/v1beta1/projects/budgetella-d1d41/configs/email/variables/password {"name":"projects/budgetella-d1d41/configs/email/variables/password","updateTime":"2025-03-29T20:25:08.972663193Z","text":"bgup ldvo wush xfgn"}
[debug] [2025-03-31T18:56:57.387Z] <<< [apiv2][status] GET https://runtimeconfig.googleapis.com/v1beta1/projects/budgetella-d1d41/configs/email/variables/user 200
[debug] [2025-03-31T18:56:57.387Z] <<< [apiv2][body] GET https://runtimeconfig.googleapis.com/v1beta1/projects/budgetella-d1d41/configs/email/variables/user {"name":"projects/budgetella-d1d41/configs/email/variables/user","updateTime":"2025-03-29T20:25:09.000146140Z","text":"flayzeraynx@gmail.com"}
[debug] [2025-03-31T18:56:57.388Z] Validating nodejs source
[warn] !  functions: Runtime Node.js 18 will be deprecated on 2025-04-30 and will be decommissioned on 2025-10-31, after which you will not be able to deploy without upgrading. Consider upgrading now to avoid disruption. See https://cloud.google.com/functions/docs/runtime-support for full details on the lifecycle policy 
[warn] !  functions: package.json indicates an outdated version of firebase-functions. Please upgrade using npm install --save firebase-functions@latest in your functions directory. 
[warn] !  functions: Please note that there will be breaking changes when you upgrade. 
[debug] [2025-03-31T18:56:58.002Z] > [functions] package.json contents: {
  "name": "functions",
  "description": "Cloud Functions for Firebase",
  "scripts": {
    "lint": "eslint .",
    "serve": "firebase emulators:start --only functions",
    "shell": "firebase functions:shell",
    "start": "npm run shell",
    "deploy": "firebase deploy --only functions",
    "logs": "firebase functions:log"
  },
  "engines": {
    "node": "18"
  },
  "main": "index.js",
  "dependencies": {
    "firebase-admin": "^11.8.0",
    "firebase-functions": "^4.3.1",
    "nodemailer": "^6.9.1",
    "cors": "^2.8.5"
  },
  "devDependencies": {
    "eslint": "^8.15.0",
    "eslint-config-google": "^0.14.0",
    "firebase-functions-test": "^3.1.0"
  },
  "private": true
}
[debug] [2025-03-31T18:56:58.002Z] Building nodejs source
[info] i  functions: Loading and analyzing source code for codebase default to determine what to deploy 
[info] i  functions: You are using a version of firebase-functions SDK (4.9.0) that does not have support for the newest Firebase Extensions features. Please update firebase-functions SDK to >=5.1.0 to use them correctly 
[debug] [2025-03-31T18:56:58.003Z] Could not find functions.yaml. Must use http discovery
[debug] [2025-03-31T18:56:58.008Z] Found firebase-functions binary at 'C:\Projects\Budgetella\budgetella_functions\node_modules\.bin\firebase-functions'
[info] Serving at port 8714

[debug] [2025-03-31T18:56:58.443Z] Got response from /__/functions.yaml {"endpoints":{"updateAllCategoryTranslations":{"platform":"gcfv1","availableMemoryMb":null,"timeoutSeconds":null,"minInstances":null,"maxInstances":null,"ingressSettings":null,"serviceAccountEmail":null,"vpc":null,"httpsTrigger":{},"entryPoint":"updateAllCategoryTranslations"},"sendFeedback":{"platform":"gcfv1","availableMemoryMb":null,"timeoutSeconds":null,"minInstances":null,"maxInstances":null,"ingressSettings":null,"serviceAccountEmail":null,"vpc":null,"httpsTrigger":{},"entryPoint":"sendFeedback"}},"specVersion":"v1alpha1","requiredAPIs":[]}
[info] i  functions: preparing budgetella_functions directory for uploading... 
[info] i  functions: packaged C:\Projects\Budgetella\budgetella_functions (81.85 KB) for uploading 
[debug] [2025-03-31T18:57:02.502Z] Checked if tokens are valid: true, expires at: 1743449213446
[debug] [2025-03-31T18:57:02.502Z] Checked if tokens are valid: true, expires at: 1743449213446
[debug] [2025-03-31T18:57:02.502Z] >>> [apiv2][query] GET https://cloudfunctions.googleapis.com/v1/projects/budgetella-d1d41/locations/-/functions [none]
[debug] [2025-03-31T18:57:03.299Z] <<< [apiv2][status] GET https://cloudfunctions.googleapis.com/v1/projects/budgetella-d1d41/locations/-/functions 200
[debug] [2025-03-31T18:57:03.299Z] <<< [apiv2][body] GET https://cloudfunctions.googleapis.com/v1/projects/budgetella-d1d41/locations/-/functions {"functions":[{"name":"projects/budgetella-d1d41/locations/europe-west3/functions/ext-delete-user-data-handleSearch","sourceArchiveUrl":"gs://firebase-mod-sources-prod/9143df043d9829f50156f53733a6499e6eab953c189cf4acce85decb69b4fb1d","eventTrigger":{"eventType":"google.pubsub.topic.publish","resource":"projects/budgetella-d1d41/topics/ext-delete-user-data-discovery","service":"pubsub.googleapis.com","failurePolicy":{}},"status":"ACTIVE","entryPoint":"handleSearch","timeout":"60s","availableMemoryMb":256,"serviceAccountEmail":"ext-delete-user-data@budgetella-d1d41.iam.gserviceaccount.com","updateTime":"2025-03-30T18:56:08.790Z","versionId":"2","labels":{"deployment-tool":"firebase-extensions","goog-firebase-ext-iid":"delete-user-data","firebase-extensions-ar":"enabled","goog-dm":"firebase-ext-delete-user-data","goog-firebase-ext":"delete-user-data"},"environmentVariables":{"AUTO_DISCOVERY_SEARCH_DEPTH":"3","AUTO_DISCOVERY_SEARCH_FIELDS":"id,uid,userId","CLOUD_STORAGE_BUCKET":"budgetella-d1d41.firebasestorage.app","DATABASE_INSTANCE":"","DATABASE_URL":"","ENABLE_AUTO_DISCOVERY":"no","EXT_INSTANCE_ID":"delete-user-data","FIREBASE_CONFIG":"{\"projectId\":\"budgetella-d1d41\",\"databaseURL\":\"\",\"storageBucket\":\"budgetella-d1d41.firebasestorage.app\"}","FIRESTORE_DELETE_MODE":"shallow","GCLOUD_PROJECT":"budgetella-d1d41","LOCATION":"europe-west3","PROJECT_ID":"budgetella-d1d41","SELECTED_DATABASE_LOCATION":"us-central1","STORAGE_BUCKET":"budgetella-d1d41.firebasestorage.app"},"runtime":"nodejs20","maxInstances":3000,"ingressSettings":"ALLOW_INTERNAL_ONLY","buildId":"fe4b4eaa-140a-491e-8de3-ff87711d1dd4","buildEnvironmentVariables":{"GOOGLE_NODE_RUN_SCRIPTS":""},"buildName":"projects/523687846942/locations/europe-west3/builds/fe4b4eaa-140a-491e-8de3-ff87711d1dd4","dockerRegistry":"ARTIFACT_REGISTRY","automaticUpdatePolicy":{},"buildServiceAccount":"projects/budgetella-d1d41/serviceAccounts/523687846942-compute@developer.gserviceaccount.com"},{"name":"projects/budgetella-d1d41/locations/europe-west3/functions/ext-delete-user-data-clearData","description":"Listens for user accounts to be deleted from your project's authenticated users, then removes any associated user data (based on Firebase Authentication's User ID) from Realtime Database, Cloud Firestore, and/or Cloud Storage.","sourceArchiveUrl":"gs://firebase-mod-sources-prod/9143df043d9829f50156f53733a6499e6eab953c189cf4acce85decb69b4fb1d","eventTrigger":{"eventType":"providers/firebase.auth/eventTypes/user.delete","resource":"projects/budgetella-d1d41","service":"firebaseauth.googleapis.com","failurePolicy":{}},"status":"ACTIVE","entryPoint":"clearData","timeout":"60s","availableMemoryMb":256,"serviceAccountEmail":"ext-delete-user-data@budgetella-d1d41.iam.gserviceaccount.com","updateTime":"2025-03-30T18:56:36.767Z","versionId":"2","labels":{"goog-firebase-ext-iid":"delete-user-data","firebase-extensions-ar":"enabled","goog-dm":"firebase-ext-delete-user-data","goog-firebase-ext":"delete-user-data","deployment-tool":"firebase-extensions"},"environmentVariables":{"AUTO_DISCOVERY_SEARCH_DEPTH":"3","AUTO_DISCOVERY_SEARCH_FIELDS":"id,uid,userId","CLOUD_STORAGE_BUCKET":"budgetella-d1d41.firebasestorage.app","DATABASE_INSTANCE":"","DATABASE_URL":"","ENABLE_AUTO_DISCOVERY":"no","EXT_INSTANCE_ID":"delete-user-data","FIREBASE_CONFIG":"{\"projectId\":\"budgetella-d1d41\",\"databaseURL\":\"\",\"storageBucket\":\"budgetella-d1d41.firebasestorage.app\"}","FIRESTORE_DELETE_MODE":"shallow","GCLOUD_PROJECT":"budgetella-d1d41","LOCATION":"europe-west3","PROJECT_ID":"budgetella-d1d41","SELECTED_DATABASE_LOCATION":"us-central1","STORAGE_BUCKET":"budgetella-d1d41.firebasestorage.app"},"runtime":"nodejs20","maxInstances":3000,"ingressSettings":"ALLOW_INTERNAL_ONLY","buildId":"0d455a9a-a1d2-4a45-aebf-368c92b7db13","buildEnvironmentVariables":{"GOOGLE_NODE_RUN_SCRIPTS":""},"buildName":"projects/523687846942/locations/europe-west3/builds/0d455a9a-a1d2-4a45-aebf-368c92b7db13","dockerRegistry":"ARTIFACT_REGISTRY","automaticUpdatePolicy":{},"buildServiceAccount":"projects/budgetella-d1d41/serviceAccounts/523687846942-compute@developer.gserviceaccount.com"},{"name":"projects/budgetella-d1d41/locations/europe-west3/functions/ext-delete-user-data-handleDeletion","sourceArchiveUrl":"gs://firebase-mod-sources-prod/9143df043d9829f50156f53733a6499e6eab953c189cf4acce85decb69b4fb1d","eventTrigger":{"eventType":"google.pubsub.topic.publish","resource":"projects/budgetella-d1d41/topics/ext-delete-user-data-deletion","service":"pubsub.googleapis.com","failurePolicy":{}},"status":"ACTIVE","entryPoint":"handleDeletion","timeout":"60s","availableMemoryMb":256,"serviceAccountEmail":"ext-delete-user-data@budgetella-d1d41.iam.gserviceaccount.com","updateTime":"2025-03-30T18:56:11.695Z","versionId":"2","labels":{"goog-firebase-ext-iid":"delete-user-data","firebase-extensions-ar":"enabled","goog-dm":"firebase-ext-delete-user-data","goog-firebase-ext":"delete-user-data","deployment-tool":"firebase-extensions"},"environmentVariables":{"AUTO_DISCOVERY_SEARCH_DEPTH":"3","AUTO_DISCOVERY_SEARCH_FIELDS":"id,uid,userId","CLOUD_STORAGE_BUCKET":"budgetella-d1d41.firebasestorage.app","DATABASE_INSTANCE":"","DATABASE_URL":"","ENABLE_AUTO_DISCOVERY":"no","EXT_INSTANCE_ID":"delete-user-data","FIREBASE_CONFIG":"{\"projectId\":\"budgetella-d1d41\",\"databaseURL\":\"\",\"storageBucket\":\"budgetella-d1d41.firebasestorage.app\"}","FIRESTORE_DELETE_MODE":"shallow","GCLOUD_PROJECT":"budgetella-d1d41","LOCATION":"europe-west3","PROJECT_ID":"budgetella-d1d41","SELECTED_DATABASE_LOCATION":"us-central1","STORAGE_BUCKET":"budgetella-d1d41.firebasestorage.app"},"runtime":"nodejs20","maxInstances":3000,"ingressSettings":"ALLOW_INTERNAL_ONLY","buildId":"ce428786-4f0d-475f-b8ef-5c479074aaea","buildEnvironmentVariables":{"GOOGLE_NODE_RUN_SCRIPTS":""},"buildName":"projects/523687846942/locations/europe-west3/builds/ce428786-4f0d-475f-b8ef-5c479074aaea","dockerRegistry":"ARTIFACT_REGISTRY","automaticUpdatePolicy":{},"buildServiceAccount":"projects/budgetella-d1d41/serviceAccounts/523687846942-compute@developer.gserviceaccount.com"},{"name":"projects/budgetella-d1d41/locations/us-central1/functions/updateAllCategoryTranslations","httpsTrigger":{"url":"https://us-central1-budgetella-d1d41.cloudfunctions.net/updateAllCategoryTranslations","securityLevel":"SECURE_ALWAYS"},"status":"ACTIVE","entryPoint":"updateAllCategoryTranslations","timeout":"60s","availableMemoryMb":256,"serviceAccountEmail":"budgetella-d1d41@appspot.gserviceaccount.com","updateTime":"2025-03-30T18:15:56.619Z","versionId":"2","labels":{"deployment-tool":"cli-firebase","firebase-functions-hash":"3348be404fa38c8f5a668f9021e23c9c77dff611"},"sourceUploadUrl":"https://storage.googleapis.com/uploads-440312358715.us-central1.cloudfunctions.appspot.com/2d8bfeb3-3673-47bd-91f6-cfdac9e85cdc.zip","environmentVariables":{"FIREBASE_CONFIG":"{\"projectId\":\"budgetella-d1d41\",\"storageBucket\":\"budgetella-d1d41.firebasestorage.app\"}","GCLOUD_PROJECT":"budgetella-d1d41","EVENTARC_CLOUD_EVENT_SOURCE":"projects/budgetella-d1d41/locations/us-central1/functions/updateAllCategoryTranslations"},"runtime":"nodejs18","ingressSettings":"ALLOW_ALL","buildId":"95d9222f-5d56-4755-ac4e-0379091f6001","buildEnvironmentVariables":{"GOOGLE_NODE_RUN_SCRIPTS":""},"buildName":"projects/523687846942/locations/us-central1/builds/95d9222f-5d56-4755-ac4e-0379091f6001","dockerRegistry":"ARTIFACT_REGISTRY","automaticUpdatePolicy":{},"buildServiceAccount":"projects/budgetella-d1d41/serviceAccounts/523687846942-compute@developer.gserviceaccount.com"},{"name":"projects/budgetella-d1d41/locations/us-central1/functions/sendFeedback","httpsTrigger":{"url":"https://us-central1-budgetella-d1d41.cloudfunctions.net/sendFeedback","securityLevel":"SECURE_ALWAYS"},"status":"ACTIVE","entryPoint":"sendFeedback","timeout":"60s","availableMemoryMb":256,"serviceAccountEmail":"budgetella-d1d41@appspot.gserviceaccount.com","updateTime":"2025-03-30T18:16:02.744Z","versionId":"7","labels":{"deployment-tool":"cli-firebase","firebase-functions-hash":"3348be404fa38c8f5a668f9021e23c9c77dff611"},"sourceUploadUrl":"https://storage.googleapis.com/uploads-440312358715.us-central1.cloudfunctions.appspot.com/2d8bfeb3-3673-47bd-91f6-cfdac9e85cdc.zip","environmentVariables":{"FIREBASE_CONFIG":"{\"projectId\":\"budgetella-d1d41\",\"storageBucket\":\"budgetella-d1d41.firebasestorage.app\"}","GCLOUD_PROJECT":"budgetella-d1d41","EVENTARC_CLOUD_EVENT_SOURCE":"projects/budgetella-d1d41/locations/us-central1/functions/sendFeedback"},"runtime":"nodejs18","ingressSettings":"ALLOW_ALL","buildId":"95d9222f-5d56-4755-ac4e-0379091f6001","buildEnvironmentVariables":{"GOOGLE_NODE_RUN_SCRIPTS":""},"buildName":"projects/523687846942/locations/us-central1/builds/95d9222f-5d56-4755-ac4e-0379091f6001","dockerRegistry":"ARTIFACT_REGISTRY","automaticUpdatePolicy":{},"buildServiceAccount":"projects/budgetella-d1d41/serviceAccounts/523687846942-compute@developer.gserviceaccount.com"}]}
[debug] [2025-03-31T18:57:03.300Z] Checked if tokens are valid: true, expires at: 1743449213446
[debug] [2025-03-31T18:57:03.300Z] Checked if tokens are valid: true, expires at: 1743449213446
[debug] [2025-03-31T18:57:03.300Z] >>> [apiv2][query] GET https://cloudfunctions.googleapis.com/v2/projects/budgetella-d1d41/locations/-/functions filter=environment%3D%22GEN_2%22
[debug] [2025-03-31T18:57:04.422Z] <<< [apiv2][status] GET https://cloudfunctions.googleapis.com/v2/projects/budgetella-d1d41/locations/-/functions 200
[debug] [2025-03-31T18:57:04.423Z] <<< [apiv2][body] GET https://cloudfunctions.googleapis.com/v2/projects/budgetella-d1d41/locations/-/functions {}
[debug] [2025-03-31T18:57:04.425Z] Checked if tokens are valid: true, expires at: 1743449213446
[debug] [2025-03-31T18:57:04.425Z] Checked if tokens are valid: true, expires at: 1743449213446
[debug] [2025-03-31T18:57:04.425Z] >>> [apiv2][query] GET https://cloudresourcemanager.googleapis.com/v1/projects/budgetella-d1d41 [none]
